# run test with python3 -m doctest -v ./tests/3-say_my_name.txt

First import method to test
>>> say_my_name = __import__('3-say_my_name').say_my_name

CASES:	
	>>> say_my_name("Salam", "SYLLA")
	My name is Salam SYLLA
    
    >>> say_my_name("Awa")
    My name is Awa 
    
    >>> say_my_name(456,"Cisse")         
    Traceback (most recent call last):
    ...
    TypeError: first_name must be a string

    >>> say_my_name("Salam", ["SYLLA", "Padre"]) 
    Traceback (most recent call last):
        ...
    TypeError: last_name must be a string
    
    >>> say_my_name("Salam", "SYLLA", "Padre")
    Traceback (most recent call last):
        ...
    TypeError: say_my_name() takes from 1 to 2 positional arguments but 3 were given
    
    >>> say_my_name()
    Traceback (most recent call last):
        ...
    TypeError: say_my_name() missing 1 required positional argument: 'first_name'
